<?xml version="1.0" encoding="UTF-8"?>
<!-- Generated by org.testng.reporters.JUnitReportReporter -->
<testsuite skipped="0" hostname="DESKTOP-IHMV0HJ" name="testcases.TestCasesGroup" tests="4" failures="0" timestamp="2022-08-04T21:04:47 IST" time="0.028" errors="0">
  <testcase name="test1" time="0.015" classname="testcases.TestCasesGroup"/>
  <system-out/>
  <testcase name="test3" time="0.007" classname="testcases.TestCasesGroup"/>
  <system-out/>
  <testcase name="test4" time="0.004" classname="testcases.TestCasesGroup"/>
  <system-out/>
  <testcase name="test2" time="0.002" classname="testcases.TestCasesGroup"/>
  <system-out/>
</testsuite> <!-- testcases.TestCasesGroup -->
